<?xml version="1.0" encoding="UTF-8"?>
<testsuite name="ru.gavrilovds.restaurant.FoodContollerTest" tests="6" skipped="0" failures="0" errors="0" timestamp="2024-05-11T07:13:29" hostname="MacBook-Pro-8.local" time="0.012">
  <properties/>
  <testcase name="test()" classname="ru.gavrilovds.restaurant.FoodContollerTest" time="0.002"/>
  <testcase name="test2()" classname="ru.gavrilovds.restaurant.FoodContollerTest" time="0.001"/>
  <testcase name="test3()" classname="ru.gavrilovds.restaurant.FoodContollerTest" time="0.001"/>
  <testcase name="test4()" classname="ru.gavrilovds.restaurant.FoodContollerTest" time="0.002"/>
  <testcase name="test5()" classname="ru.gavrilovds.restaurant.FoodContollerTest" time="0.002"/>
  <testcase name="test6()" classname="ru.gavrilovds.restaurant.FoodContollerTest" time="0.002"/>
  <system-out><![CDATA[2024-05-11T10:13:29.037+03:00  INFO 56865 --- [restaurant] [    Test worker] t.c.s.AnnotationConfigContextLoaderUtils : Could not detect default configuration classes for test class [ru.gavrilovds.restaurant.FoodContollerTest]: FoodContollerTest does not declare any static, non-private, non-final, nested classes annotated with @Configuration.
2024-05-11T10:13:29.037+03:00  INFO 56865 --- [restaurant] [    Test worker] .b.t.c.SpringBootTestContextBootstrapper : Found @SpringBootConfiguration ru.gavrilovds.restaurant.RestaurantApplication for test class ru.gavrilovds.restaurant.FoodContollerTest
]]></system-out>
  <system-err><![CDATA[]]></system-err>
</testsuite>
