<?xml version="1.0" encoding="UTF-8"?>
<testsuite name="ru.gavrilovds.restaurant.RestaurantApplicationTests" tests="1" skipped="0" failures="0" errors="0" timestamp="2024-05-11T07:13:29" hostname="MacBook-Pro-8.local" time="0.001">
  <properties/>
  <testcase name="contextLoads()" classname="ru.gavrilovds.restaurant.RestaurantApplicationTests" time="0.001"/>
  <system-out><![CDATA[2024-05-11T10:13:29.069+03:00  INFO 56865 --- [restaurant] [    Test worker] t.c.s.AnnotationConfigContextLoaderUtils : Could not detect default configuration classes for test class [ru.gavrilovds.restaurant.RestaurantApplicationTests]: RestaurantApplicationTests does not declare any static, non-private, non-final, nested classes annotated with @Configuration.
2024-05-11T10:13:29.070+03:00  INFO 56865 --- [restaurant] [    Test worker] .b.t.c.SpringBootTestContextBootstrapper : Found @SpringBootConfiguration ru.gavrilovds.restaurant.RestaurantApplication for test class ru.gavrilovds.restaurant.RestaurantApplicationTests

  .   ____          _            __ _ _
 /\\ / ___'_ __ _ _(_)_ __  __ _ \ \ \ \
( ( )\___ | '_ | '_| | '_ \/ _` | \ \ \ \
 \\/  ___)| |_)| | | | | || (_| |  ) ) ) )
  '  |____| .__|_| |_|_| |_\__, | / / / /
 =========|_|==============|___/=/_/_/_/
 :: Spring Boot ::                (v3.2.5)

2024-05-11T10:13:29.083+03:00  INFO 56865 --- [restaurant] [    Test worker] r.g.r.RestaurantApplicationTests         : Starting RestaurantApplicationTests using Java 21 with PID 56865 (started by mac in /Users/mac/Code/JavaMirea/kursach4sem/restaurant)
2024-05-11T10:13:29.083+03:00  INFO 56865 --- [restaurant] [    Test worker] r.g.r.RestaurantApplicationTests         : No active profile set, falling back to 1 default profile: "default"
2024-05-11T10:13:29.151+03:00  INFO 56865 --- [restaurant] [    Test worker] .s.d.r.c.RepositoryConfigurationDelegate : Bootstrapping Spring Data JPA repositories in DEFAULT mode.
2024-05-11T10:13:29.160+03:00  INFO 56865 --- [restaurant] [    Test worker] .s.d.r.c.RepositoryConfigurationDelegate : Finished Spring Data repository scanning in 8 ms. Found 11 JPA repository interfaces.
2024-05-11T10:13:29.211+03:00  INFO 56865 --- [restaurant] [    Test worker] o.hibernate.jpa.internal.util.LogHelper  : HHH000204: Processing PersistenceUnitInfo [name: default]
2024-05-11T10:13:29.212+03:00  INFO 56865 --- [restaurant] [    Test worker] o.h.c.internal.RegionFactoryInitiator    : HHH000026: Second-level cache disabled
2024-05-11T10:13:29.214+03:00  INFO 56865 --- [restaurant] [    Test worker] o.s.o.j.p.SpringPersistenceUnitInfo      : No LoadTimeWeaver setup: ignoring JPA class transformer
2024-05-11T10:13:29.215+03:00  INFO 56865 --- [restaurant] [    Test worker] com.zaxxer.hikari.HikariDataSource       : HikariPool-2 - Starting...
2024-05-11T10:13:29.242+03:00  INFO 56865 --- [restaurant] [    Test worker] com.zaxxer.hikari.pool.HikariPool        : HikariPool-2 - Added connection org.postgresql.jdbc.PgConnection@6bde050d
2024-05-11T10:13:29.242+03:00  INFO 56865 --- [restaurant] [    Test worker] com.zaxxer.hikari.HikariDataSource       : HikariPool-2 - Start completed.
2024-05-11T10:13:29.352+03:00  INFO 56865 --- [restaurant] [    Test worker] o.h.e.t.j.p.i.JtaPlatformInitiator       : HHH000489: No JTA platform available (set 'hibernate.transaction.jta.platform' to enable JTA platform integration)
2024-05-11T10:13:29.581+03:00  INFO 56865 --- [restaurant] [    Test worker] j.LocalContainerEntityManagerFactoryBean : Initialized JPA EntityManagerFactory for persistence unit 'default'
2024-05-11T10:13:29.648+03:00  WARN 56865 --- [restaurant] [    Test worker] JpaBaseConfiguration$JpaWebConfiguration : spring.jpa.open-in-view is enabled by default. Therefore, database queries may be performed during view rendering. Explicitly configure spring.jpa.open-in-view to disable this warning
2024-05-11T10:13:29.686+03:00  INFO 56865 --- [restaurant] [    Test worker] o.s.s.web.DefaultSecurityFilterChain     : Will secure any request with [org.springframework.security.web.session.DisableEncodeUrlFilter@6fe8e276, org.springframework.security.web.context.request.async.WebAsyncManagerIntegrationFilter@59c9df97, org.springframework.security.web.context.SecurityContextHolderFilter@38321e6f, org.springframework.security.web.header.HeaderWriterFilter@4111c517, org.springframework.web.filter.CorsFilter@2dacf052, org.springframework.security.web.authentication.logout.LogoutFilter@41eeff3b, ru.gavrilovds.restaurant.config.JwtTokenValidator@35590f53, org.springframework.security.web.savedrequest.RequestCacheAwareFilter@52f3859a, org.springframework.security.web.servletapi.SecurityContextHolderAwareRequestFilter@1d05cbae, org.springframework.security.web.authentication.AnonymousAuthenticationFilter@1d8ab0dc, org.springframework.security.web.session.SessionManagementFilter@1eed4367, org.springframework.security.web.access.ExceptionTranslationFilter@62110754, org.springframework.security.web.access.intercept.AuthorizationFilter@3c148f23]
2024-05-11T10:13:29.719+03:00  INFO 56865 --- [restaurant] [    Test worker] r.g.r.RestaurantApplicationTests         : Started RestaurantApplicationTests in 0.647 seconds (process running for 5.921)
]]></system-out>
  <system-err><![CDATA[]]></system-err>
</testsuite>
